<?xml version="1.0" encoding="UTF-8"?>
<!-- Generated by org.testng.reporters.JUnitReportReporter -->
<testsuite hostname="ANIL" failures="0" tests="5" name="test_class_package.main_page_data_provider_test_class" time="36.278" errors="0" timestamp="2023-08-06T15:43:24 IST" skipped="0">
  <testcase classname="test_class_package.main_page_data_provider_test_class" name="readexceldata" time="8.881"/>
  <testcase classname="test_class_package.main_page_data_provider_test_class" name="readexceldata" time="6.851"/>
  <testcase classname="test_class_package.main_page_data_provider_test_class" name="readexceldata" time="6.053"/>
  <testcase classname="test_class_package.main_page_data_provider_test_class" name="readexceldata" time="7.877"/>
  <testcase classname="test_class_package.main_page_data_provider_test_class" name="readexceldata" time="6.616"/>
</testsuite> <!-- test_class_package.main_page_data_provider_test_class -->
