<?xml version="1.0" encoding="UTF-8"?>
<!-- Generated by org.testng.reporters.JUnitReportReporter -->
<testsuite hostname="ANIL" failures="0" tests="1" name="test_class_package.new_Ttest_class" time="14.213" errors="0" timestamp="2023-08-06T15:09:02 IST" skipped="0">
  <testcase classname="test_class_package.new_Ttest_class" name="a" time="14.213"/>
</testsuite> <!-- test_class_package.new_Ttest_class -->
