<?xml version="1.0" encoding="UTF-8"?>
<!-- Generated by org.testng.reporters.JUnitReportReporter -->
<testsuite hostname="ANIL" failures="0" tests="1" name="test_class_package.new_readconfig_class" time="9.624" errors="0" timestamp="2023-08-06T15:44:33 IST" skipped="0">
  <testcase classname="test_class_package.new_readconfig_class" name="readcommandata" time="9.624"/>
</testsuite> <!-- test_class_package.new_readconfig_class -->
