<?xml version="1.0" encoding="UTF-8"?>
<!-- Generated by org.testng.reporters.JUnitReportReporter -->
<testsuite hostname="ANIL" failures="0" tests="1" name="test_class_package.broken_link_test_class" time="29.287" errors="0" timestamp="2023-08-05T21:09:56 IST" skipped="0">
  <testcase classname="test_class_package.broken_link_test_class" name="bklinks" time="29.287"/>
</testsuite> <!-- test_class_package.broken_link_test_class -->
