<?xml version="1.0" encoding="UTF-8"?>
<!-- Generated by org.testng.reporters.JUnitReportReporter -->
<testsuite hostname="ANIL" failures="0" tests="1" name="test_class_package.broken_link_test_class" time="35.970" errors="0" timestamp="2023-08-05T21:15:41 IST" skipped="0">
  <testcase classname="test_class_package.broken_link_test_class" name="bklinks" time="35.970"/>
</testsuite> <!-- test_class_package.broken_link_test_class -->
